<?xml version="1.0" encoding="UTF-8"?>
<!-- Generated by org.testng.reporters.JUnitReportReporter -->
<testsuite hostname="DESKTOP-DGCSQ6V" failures="0" tests="2" name="com.Mystore.testcases.TestClass" time="17.726" errors="0" timestamp="2025-01-28T08:37:36 IST" skipped="1">
  <testcase classname="com.Mystore.testcases.TestClass" name="verifyalreadyregistereduvser" time="17.726"/>
  <testcase classname="com.Mystore.testcases.TestClass" name="verifyLogin">
    <skipped/>
  </testcase> <!-- verifyLogin -->
</testsuite> <!-- com.Mystore.testcases.TestClass -->
