<?xml version="1.0" encoding="UTF-8"?>
<!-- Generated by org.testng.reporters.JUnitReportReporter -->
<testsuite hostname="DESKTOP-DGCSQ6V" failures="0" tests="1" name="com.Mystore.testcases.TC_MyAccountPageTest" time="16.005" errors="0" timestamp="2025-01-24T17:02:14 IST" skipped="0">
  <testcase classname="com.Mystore.testcases.TC_MyAccountPageTest" name="VerifyRegistrationAndLogin" time="16.005"/>
</testsuite> <!-- com.Mystore.testcases.TC_MyAccountPageTest -->
